  stdafx.cpp
d:\po\project\tbsellerclient\duilib\core\uimanager.h(45): warning C4091: “typedef ”: 没有声明变量时忽略“DuiLib::EVENTTYPE_UI”的左侧
  WebClient.cpp
d:\po\project\tbsellerclient\tbsellerclient\webclient.cpp(166): warning C4477: “swprintf_s”: 格式字符串“%s”需要类型“wchar_t *”的参数，但可变参数 3 拥有了类型“CefString”
d:\po\project\tbsellerclient\tbsellerclient\webclient.cpp(179): warning C4477: “swprintf_s”: 格式字符串“%s”需要类型“wchar_t *”的参数，但可变参数 3 拥有了类型“CefString”
d:\po\project\tbsellerclient\tbsellerclient\webclient.cpp(195): warning C4477: “swprintf_s”: 格式字符串“%s”需要类型“wchar_t *”的参数，但可变参数 4 拥有了类型“CefString”
  TBsellerclient.cpp
  TbManager.cpp
d:\po\project\tbsellerclient\tbsellerclient\tbmanager.cpp(204): warning C4018: “<”: 有符号/无符号不匹配
  client_app_renderer.cpp
  CefDuilibCilent.cpp
  正在生成代码...
libcef_dll_wrapper.lib(cef_logging.obj) : error LNK2038: 检测到“_ITERATOR_DEBUG_LEVEL”的不匹配项: 值“0”不匹配值“2”(CefDuilibCilent.obj 中)
libcef_dll_wrapper.lib(cef_logging.obj) : error LNK2038: 检测到“RuntimeLibrary”的不匹配项: 值“MT_StaticRelease”不匹配值“MTd_StaticDebug”(CefDuilibCilent.obj 中)
libcef_dll_wrapper.lib(process_message_ctocpp.obj) : error LNK2038: 检测到“_ITERATOR_DEBUG_LEVEL”的不匹配项: 值“0”不匹配值“2”(CefDuilibCilent.obj 中)
libcef_dll_wrapper.lib(process_message_ctocpp.obj) : error LNK2038: 检测到“RuntimeLibrary”的不匹配项: 值“MT_StaticRelease”不匹配值“MTd_StaticDebug”(CefDuilibCilent.obj 中)
libcef_dll_wrapper.lib(browser_host_ctocpp.obj) : error LNK2038: 检测到“_ITERATOR_DEBUG_LEVEL”的不匹配项: 值“0”不匹配值“2”(CefDuilibCilent.obj 中)
libcef_dll_wrapper.lib(browser_host_ctocpp.obj) : error LNK2038: 检测到“RuntimeLibrary”的不匹配项: 值“MT_StaticRelease”不匹配值“MTd_StaticDebug”(CefDuilibCilent.obj 中)
libcef_dll_wrapper.lib(libcef_dll_wrapper.obj) : error LNK2038: 检测到“_ITERATOR_DEBUG_LEVEL”的不匹配项: 值“0”不匹配值“2”(CefDuilibCilent.obj 中)
libcef_dll_wrapper.lib(libcef_dll_wrapper.obj) : error LNK2038: 检测到“RuntimeLibrary”的不匹配项: 值“MT_StaticRelease”不匹配值“MTd_StaticDebug”(CefDuilibCilent.obj 中)
libcef_dll_wrapper.lib(list_value_ctocpp.obj) : error LNK2038: 检测到“_ITERATOR_DEBUG_LEVEL”的不匹配项: 值“0”不匹配值“2”(CefDuilibCilent.obj 中)
libcef_dll_wrapper.lib(list_value_ctocpp.obj) : error LNK2038: 检测到“RuntimeLibrary”的不匹配项: 值“MT_StaticRelease”不匹配值“MTd_StaticDebug”(CefDuilibCilent.obj 中)
libcef_dll_wrapper.lib(client_cpptoc.obj) : error LNK2038: 检测到“_ITERATOR_DEBUG_LEVEL”的不匹配项: 值“0”不匹配值“2”(CefDuilibCilent.obj 中)
libcef_dll_wrapper.lib(client_cpptoc.obj) : error LNK2038: 检测到“RuntimeLibrary”的不匹配项: 值“MT_StaticRelease”不匹配值“MTd_StaticDebug”(CefDuilibCilent.obj 中)
libcef_dll_wrapper.lib(download_image_callback_cpptoc.obj) : error LNK2038: 检测到“_ITERATOR_DEBUG_LEVEL”的不匹配项: 值“0”不匹配值“2”(CefDuilibCilent.obj 中)
libcef_dll_wrapper.lib(download_image_callback_cpptoc.obj) : error LNK2038: 检测到“RuntimeLibrary”的不匹配项: 值“MT_StaticRelease”不匹配值“MTd_StaticDebug”(CefDuilibCilent.obj 中)
libcef_dll_wrapper.lib(navigation_entry_visitor_cpptoc.obj) : error LNK2038: 检测到“_ITERATOR_DEBUG_LEVEL”的不匹配项: 值“0”不匹配值“2”(CefDuilibCilent.obj 中)
libcef_dll_wrapper.lib(navigation_entry_visitor_cpptoc.obj) : error LNK2038: 检测到“RuntimeLibrary”的不匹配项: 值“MT_StaticRelease”不匹配值“MTd_StaticDebug”(CefDuilibCilent.obj 中)
libcef_dll_wrapper.lib(pdf_print_callback_cpptoc.obj) : error LNK2038: 检测到“_ITERATOR_DEBUG_LEVEL”的不匹配项: 值“0”不匹配值“2”(CefDuilibCilent.obj 中)
libcef_dll_wrapper.lib(pdf_print_callback_cpptoc.obj) : error LNK2038: 检测到“RuntimeLibrary”的不匹配项: 值“MT_StaticRelease”不匹配值“MTd_StaticDebug”(CefDuilibCilent.obj 中)
libcef_dll_wrapper.lib(run_file_dialog_callback_cpptoc.obj) : error LNK2038: 检测到“_ITERATOR_DEBUG_LEVEL”的不匹配项: 值“0”不匹配值“2”(CefDuilibCilent.obj 中)
libcef_dll_wrapper.lib(run_file_dialog_callback_cpptoc.obj) : error LNK2038: 检测到“RuntimeLibrary”的不匹配项: 值“MT_StaticRelease”不匹配值“MTd_StaticDebug”(CefDuilibCilent.obj 中)
libcef_dll_wrapper.lib(browser_ctocpp.obj) : error LNK2038: 检测到“_ITERATOR_DEBUG_LEVEL”的不匹配项: 值“0”不匹配值“2”(CefDuilibCilent.obj 中)
libcef_dll_wrapper.lib(browser_ctocpp.obj) : error LNK2038: 检测到“RuntimeLibrary”的不匹配项: 值“MT_StaticRelease”不匹配值“MTd_StaticDebug”(CefDuilibCilent.obj 中)
libcef_dll_wrapper.lib(drag_data_ctocpp.obj) : error LNK2038: 检测到“_ITERATOR_DEBUG_LEVEL”的不匹配项: 值“0”不匹配值“2”(CefDuilibCilent.obj 中)
libcef_dll_wrapper.lib(drag_data_ctocpp.obj) : error LNK2038: 检测到“RuntimeLibrary”的不匹配项: 值“MT_StaticRelease”不匹配值“MTd_StaticDebug”(CefDuilibCilent.obj 中)
libcef_dll_wrapper.lib(navigation_entry_ctocpp.obj) : error LNK2038: 检测到“_ITERATOR_DEBUG_LEVEL”的不匹配项: 值“0”不匹配值“2”(CefDuilibCilent.obj 中)
libcef_dll_wrapper.lib(navigation_entry_ctocpp.obj) : error LNK2038: 检测到“RuntimeLibrary”的不匹配项: 值“MT_StaticRelease”不匹配值“MTd_StaticDebug”(CefDuilibCilent.obj 中)
libcef_dll_wrapper.lib(request_context_ctocpp.obj) : error LNK2038: 检测到“_ITERATOR_DEBUG_LEVEL”的不匹配项: 值“0”不匹配值“2”(CefDuilibCilent.obj 中)
libcef_dll_wrapper.lib(request_context_ctocpp.obj) : error LNK2038: 检测到“RuntimeLibrary”的不匹配项: 值“MT_StaticRelease”不匹配值“MTd_StaticDebug”(CefDuilibCilent.obj 中)
libcef_dll_wrapper.lib(transfer_util.obj) : error LNK2038: 检测到“_ITERATOR_DEBUG_LEVEL”的不匹配项: 值“0”不匹配值“2”(CefDuilibCilent.obj 中)
libcef_dll_wrapper.lib(transfer_util.obj) : error LNK2038: 检测到“RuntimeLibrary”的不匹配项: 值“MT_StaticRelease”不匹配值“MTd_StaticDebug”(CefDuilibCilent.obj 中)
libcef_dll_wrapper.lib(app_cpptoc.obj) : error LNK2038: 检测到“_ITERATOR_DEBUG_LEVEL”的不匹配项: 值“0”不匹配值“2”(CefDuilibCilent.obj 中)
libcef_dll_wrapper.lib(app_cpptoc.obj) : error LNK2038: 检测到“RuntimeLibrary”的不匹配项: 值“MT_StaticRelease”不匹配值“MTd_StaticDebug”(CefDuilibCilent.obj 中)
libcef_dll_wrapper.lib(completion_callback_cpptoc.obj) : error LNK2038: 检测到“_ITERATOR_DEBUG_LEVEL”的不匹配项: 值“0”不匹配值“2”(CefDuilibCilent.obj 中)
libcef_dll_wrapper.lib(completion_callback_cpptoc.obj) : error LNK2038: 检测到“RuntimeLibrary”的不匹配项: 值“MT_StaticRelease”不匹配值“MTd_StaticDebug”(CefDuilibCilent.obj 中)
libcef_dll_wrapper.lib(end_tracing_callback_cpptoc.obj) : error LNK2038: 检测到“_ITERATOR_DEBUG_LEVEL”的不匹配项: 值“0”不匹配值“2”(CefDuilibCilent.obj 中)
libcef_dll_wrapper.lib(end_tracing_callback_cpptoc.obj) : error LNK2038: 检测到“RuntimeLibrary”的不匹配项: 值“MT_StaticRelease”不匹配值“MTd_StaticDebug”(CefDuilibCilent.obj 中)
libcef_dll_wrapper.lib(get_geolocation_callback_cpptoc.obj) : error LNK2038: 检测到“_ITERATOR_DEBUG_LEVEL”的不匹配项: 值“0”不匹配值“2”(CefDuilibCilent.obj 中)
libcef_dll_wrapper.lib(get_geolocation_callback_cpptoc.obj) : error LNK2038: 检测到“RuntimeLibrary”的不匹配项: 值“MT_StaticRelease”不匹配值“MTd_StaticDebug”(CefDuilibCilent.obj 中)
libcef_dll_wrapper.lib(register_cdm_callback_cpptoc.obj) : error LNK2038: 检测到“_ITERATOR_DEBUG_LEVEL”的不匹配项: 值“0”不匹配值“2”(CefDuilibCilent.obj 中)
libcef_dll_wrapper.lib(register_cdm_callback_cpptoc.obj) : error LNK2038: 检测到“RuntimeLibrary”的不匹配项: 值“MT_StaticRelease”不匹配值“MTd_StaticDebug”(CefDuilibCilent.obj 中)
libcef_dll_wrapper.lib(scheme_handler_factory_cpptoc.obj) : error LNK2038: 检测到“_ITERATOR_DEBUG_LEVEL”的不匹配项: 值“0”不匹配值“2”(CefDuilibCilent.obj 中)
libcef_dll_wrapper.lib(scheme_handler_factory_cpptoc.obj) : error LNK2038: 检测到“RuntimeLibrary”的不匹配项: 值“MT_StaticRelease”不匹配值“MTd_StaticDebug”(CefDuilibCilent.obj 中)
libcef_dll_wrapper.lib(task_cpptoc.obj) : error LNK2038: 检测到“_ITERATOR_DEBUG_LEVEL”的不匹配项: 值“0”不匹配值“2”(CefDuilibCilent.obj 中)
libcef_dll_wrapper.lib(task_cpptoc.obj) : error LNK2038: 检测到“RuntimeLibrary”的不匹配项: 值“MT_StaticRelease”不匹配值“MTd_StaticDebug”(CefDuilibCilent.obj 中)
libcef_dll_wrapper.lib(v8handler_cpptoc.obj) : error LNK2038: 检测到“_ITERATOR_DEBUG_LEVEL”的不匹配项: 值“0”不匹配值“2”(CefDuilibCilent.obj 中)
libcef_dll_wrapper.lib(v8handler_cpptoc.obj) : error LNK2038: 检测到“RuntimeLibrary”的不匹配项: 值“MT_StaticRelease”不匹配值“MTd_StaticDebug”(CefDuilibCilent.obj 中)
libcef_dll_wrapper.lib(web_plugin_info_visitor_cpptoc.obj) : error LNK2038: 检测到“_ITERATOR_DEBUG_LEVEL”的不匹配项: 值“0”不匹配值“2”(CefDuilibCilent.obj 中)
libcef_dll_wrapper.lib(web_plugin_info_visitor_cpptoc.obj) : error LNK2038: 检测到“RuntimeLibrary”的不匹配项: 值“MT_StaticRelease”不匹配值“MTd_StaticDebug”(CefDuilibCilent.obj 中)
libcef_dll_wrapper.lib(web_plugin_unstable_callback_cpptoc.obj) : error LNK2038: 检测到“_ITERATOR_DEBUG_LEVEL”的不匹配项: 值“0”不匹配值“2”(CefDuilibCilent.obj 中)
libcef_dll_wrapper.lib(web_plugin_unstable_callback_cpptoc.obj) : error LNK2038: 检测到“RuntimeLibrary”的不匹配项: 值“MT_StaticRelease”不匹配值“MTd_StaticDebug”(CefDuilibCilent.obj 中)
libcef_dll_wrapper.lib(binary_value_ctocpp.obj) : error LNK2038: 检测到“_ITERATOR_DEBUG_LEVEL”的不匹配项: 值“0”不匹配值“2”(CefDuilibCilent.obj 中)
libcef_dll_wrapper.lib(binary_value_ctocpp.obj) : error LNK2038: 检测到“RuntimeLibrary”的不匹配项: 值“MT_StaticRelease”不匹配值“MTd_StaticDebug”(CefDuilibCilent.obj 中)
libcef_dll_wrapper.lib(command_line_ctocpp.obj) : error LNK2038: 检测到“_ITERATOR_DEBUG_LEVEL”的不匹配项: 值“0”不匹配值“2”(CefDuilibCilent.obj 中)
libcef_dll_wrapper.lib(command_line_ctocpp.obj) : error LNK2038: 检测到“RuntimeLibrary”的不匹配项: 值“MT_StaticRelease”不匹配值“MTd_StaticDebug”(CefDuilibCilent.obj 中)
libcef_dll_wrapper.lib(value_ctocpp.obj) : error LNK2038: 检测到“_ITERATOR_DEBUG_LEVEL”的不匹配项: 值“0”不匹配值“2”(CefDuilibCilent.obj 中)
libcef_dll_wrapper.lib(value_ctocpp.obj) : error LNK2038: 检测到“RuntimeLibrary”的不匹配项: 值“MT_StaticRelease”不匹配值“MTd_StaticDebug”(CefDuilibCilent.obj 中)
libcef_dll_wrapper.lib(browser_process_handler_cpptoc.obj) : error LNK2038: 检测到“_ITERATOR_DEBUG_LEVEL”的不匹配项: 值“0”不匹配值“2”(CefDuilibCilent.obj 中)
libcef_dll_wrapper.lib(browser_process_handler_cpptoc.obj) : error LNK2038: 检测到“RuntimeLibrary”的不匹配项: 值“MT_StaticRelease”不匹配值“MTd_StaticDebug”(CefDuilibCilent.obj 中)
libcef_dll_wrapper.lib(browser_view_delegate_cpptoc.obj) : error LNK2038: 检测到“_ITERATOR_DEBUG_LEVEL”的不匹配项: 值“0”不匹配值“2”(CefDuilibCilent.obj 中)
libcef_dll_wrapper.lib(browser_view_delegate_cpptoc.obj) : error LNK2038: 检测到“RuntimeLibrary”的不匹配项: 值“MT_StaticRelease”不匹配值“MTd_StaticDebug”(CefDuilibCilent.obj 中)
libcef_dll_wrapper.lib(button_delegate_cpptoc.obj) : error LNK2038: 检测到“_ITERATOR_DEBUG_LEVEL”的不匹配项: 值“0”不匹配值“2”(CefDuilibCilent.obj 中)
libcef_dll_wrapper.lib(button_delegate_cpptoc.obj) : error LNK2038: 检测到“RuntimeLibrary”的不匹配项: 值“MT_StaticRelease”不匹配值“MTd_StaticDebug”(CefDuilibCilent.obj 中)
libcef_dll_wrapper.lib(context_menu_handler_cpptoc.obj) : error LNK2038: 检测到“_ITERATOR_DEBUG_LEVEL”的不匹配项: 值“0”不匹配值“2”(CefDuilibCilent.obj 中)
libcef_dll_wrapper.lib(context_menu_handler_cpptoc.obj) : error LNK2038: 检测到“RuntimeLibrary”的不匹配项: 值“MT_StaticRelease”不匹配值“MTd_StaticDebug”(CefDuilibCilent.obj 中)
libcef_dll_wrapper.lib(cookie_visitor_cpptoc.obj) : error LNK2038: 检测到“_ITERATOR_DEBUG_LEVEL”的不匹配项: 值“0”不匹配值“2”(CefDuilibCilent.obj 中)
libcef_dll_wrapper.lib(cookie_visitor_cpptoc.obj) : error LNK2038: 检测到“RuntimeLibrary”的不匹配项: 值“MT_StaticRelease”不匹配值“MTd_StaticDebug”(CefDuilibCilent.obj 中)
libcef_dll_wrapper.lib(domvisitor_cpptoc.obj) : error LNK2038: 检测到“_ITERATOR_DEBUG_LEVEL”的不匹配项: 值“0”不匹配值“2”(CefDuilibCilent.obj 中)
libcef_dll_wrapper.lib(domvisitor_cpptoc.obj) : error LNK2038: 检测到“RuntimeLibrary”的不匹配项: 值“MT_StaticRelease”不匹配值“MTd_StaticDebug”(CefDuilibCilent.obj 中)
libcef_dll_wrapper.lib(delete_cookies_callback_cpptoc.obj) : error LNK2038: 检测到“_ITERATOR_DEBUG_LEVEL”的不匹配项: 值“0”不匹配值“2”(CefDuilibCilent.obj 中)
libcef_dll_wrapper.lib(delete_cookies_callback_cpptoc.obj) : error LNK2038: 检测到“RuntimeLibrary”的不匹配项: 值“MT_StaticRelease”不匹配值“MTd_StaticDebug”(CefDuilibCilent.obj 中)
libcef_dll_wrapper.lib(dialog_handler_cpptoc.obj) : error LNK2038: 检测到“_ITERATOR_DEBUG_LEVEL”的不匹配项: 值“0”不匹配值“2”(CefDuilibCilent.obj 中)
libcef_dll_wrapper.lib(dialog_handler_cpptoc.obj) : error LNK2038: 检测到“RuntimeLibrary”的不匹配项: 值“MT_StaticRelease”不匹配值“MTd_StaticDebug”(CefDuilibCilent.obj 中)
libcef_dll_wrapper.lib(display_handler_cpptoc.obj) : error LNK2038: 检测到“_ITERATOR_DEBUG_LEVEL”的不匹配项: 值“0”不匹配值“2”(CefDuilibCilent.obj 中)
libcef_dll_wrapper.lib(display_handler_cpptoc.obj) : error LNK2038: 检测到“RuntimeLibrary”的不匹配项: 值“MT_StaticRelease”不匹配值“MTd_StaticDebug”(CefDuilibCilent.obj 中)
libcef_dll_wrapper.lib(download_handler_cpptoc.obj) : error LNK2038: 检测到“_ITERATOR_DEBUG_LEVEL”的不匹配项: 值“0”不匹配值“2”(CefDuilibCilent.obj 中)
libcef_dll_wrapper.lib(download_handler_cpptoc.obj) : error LNK2038: 检测到“RuntimeLibrary”的不匹配项: 值“MT_StaticRelease”不匹配值“MTd_StaticDebug”(CefDuilibCilent.obj 中)
libcef_dll_wrapper.lib(drag_handler_cpptoc.obj) : error LNK2038: 检测到“_ITERATOR_DEBUG_LEVEL”的不匹配项: 值“0”不匹配值“2”(CefDuilibCilent.obj 中)
libcef_dll_wrapper.lib(drag_handler_cpptoc.obj) : error LNK2038: 检测到“RuntimeLibrary”的不匹配项: 值“MT_StaticRelease”不匹配值“MTd_StaticDebug”(CefDuilibCilent.obj 中)
libcef_dll_wrapper.lib(find_handler_cpptoc.obj) : error LNK2038: 检测到“_ITERATOR_DEBUG_LEVEL”的不匹配项: 值“0”不匹配值“2”(CefDuilibCilent.obj 中)
libcef_dll_wrapper.lib(find_handler_cpptoc.obj) : error LNK2038: 检测到“RuntimeLibrary”的不匹配项: 值“MT_StaticRelease”不匹配值“MTd_StaticDebug”(CefDuilibCilent.obj 中)
libcef_dll_wrapper.lib(focus_handler_cpptoc.obj) : error LNK2038: 检测到“_ITERATOR_DEBUG_LEVEL”的不匹配项: 值“0”不匹配值“2”(CefDuilibCilent.obj 中)
libcef_dll_wrapper.lib(focus_handler_cpptoc.obj) : error LNK2038: 检测到“RuntimeLibrary”的不匹配项: 值“MT_StaticRelease”不匹配值“MTd_StaticDebug”(CefDuilibCilent.obj 中)
libcef_dll_wrapper.lib(geolocation_handler_cpptoc.obj) : error LNK2038: 检测到“_ITERATOR_DEBUG_LEVEL”的不匹配项: 值“0”不匹配值“2”(CefDuilibCilent.obj 中)
libcef_dll_wrapper.lib(geolocation_handler_cpptoc.obj) : error LNK2038: 检测到“RuntimeLibrary”的不匹配项: 值“MT_StaticRelease”不匹配值“MTd_StaticDebug”(CefDuilibCilent.obj 中)
libcef_dll_wrapper.lib(jsdialog_handler_cpptoc.obj) : error LNK2038: 检测到“_ITERATOR_DEBUG_LEVEL”的不匹配项: 值“0”不匹配值“2”(CefDuilibCilent.obj 中)
libcef_dll_wrapper.lib(jsdialog_handler_cpptoc.obj) : error LNK2038: 检测到“RuntimeLibrary”的不匹配项: 值“MT_StaticRelease”不匹配值“MTd_StaticDebug”(CefDuilibCilent.obj 中)
libcef_dll_wrapper.lib(keyboard_handler_cpptoc.obj) : error LNK2038: 检测到“_ITERATOR_DEBUG_LEVEL”的不匹配项: 值“0”不匹配值“2”(CefDuilibCilent.obj 中)
libcef_dll_wrapper.lib(keyboard_handler_cpptoc.obj) : error LNK2038: 检测到“RuntimeLibrary”的不匹配项: 值“MT_StaticRelease”不匹配值“MTd_StaticDebug”(CefDuilibCilent.obj 中)
libcef_dll_wrapper.lib(life_span_handler_cpptoc.obj) : error LNK2038: 检测到“_ITERATOR_DEBUG_LEVEL”的不匹配项: 值“0”不匹配值“2”(CefDuilibCilent.obj 中)
libcef_dll_wrapper.lib(life_span_handler_cpptoc.obj) : error LNK2038: 检测到“RuntimeLibrary”的不匹配项: 值“MT_StaticRelease”不匹配值“MTd_StaticDebug”(CefDuilibCilent.obj 中)
libcef_dll_wrapper.lib(load_handler_cpptoc.obj) : error LNK2038: 检测到“_ITERATOR_DEBUG_LEVEL”的不匹配项: 值“0”不匹配值“2”(CefDuilibCilent.obj 中)
libcef_dll_wrapper.lib(load_handler_cpptoc.obj) : error LNK2038: 检测到“RuntimeLibrary”的不匹配项: 值“MT_StaticRelease”不匹配值“MTd_StaticDebug”(CefDuilibCilent.obj 中)
libcef_dll_wrapper.lib(menu_button_delegate_cpptoc.obj) : error LNK2038: 检测到“_ITERATOR_DEBUG_LEVEL”的不匹配项: 值“0”不匹配值“2”(CefDuilibCilent.obj 中)
libcef_dll_wrapper.lib(menu_button_delegate_cpptoc.obj) : error LNK2038: 检测到“RuntimeLibrary”的不匹配项: 值“MT_StaticRelease”不匹配值“MTd_StaticDebug”(CefDuilibCilent.obj 中)
libcef_dll_wrapper.lib(menu_model_delegate_cpptoc.obj) : error LNK2038: 检测到“_ITERATOR_DEBUG_LEVEL”的不匹配项: 值“0”不匹配值“2”(CefDuilibCilent.obj 中)
libcef_dll_wrapper.lib(menu_model_delegate_cpptoc.obj) : error LNK2038: 检测到“RuntimeLibrary”的不匹配项: 值“MT_StaticRelease”不匹配值“MTd_StaticDebug”(CefDuilibCilent.obj 中)
libcef_dll_wrapper.lib(panel_delegate_cpptoc.obj) : error LNK2038: 检测到“_ITERATOR_DEBUG_LEVEL”的不匹配项: 值“0”不匹配值“2”(CefDuilibCilent.obj 中)
libcef_dll_wrapper.lib(panel_delegate_cpptoc.obj) : error LNK2038: 检测到“RuntimeLibrary”的不匹配项: 值“MT_StaticRelease”不匹配值“MTd_StaticDebug”(CefDuilibCilent.obj 中)
libcef_dll_wrapper.lib(print_handler_cpptoc.obj) : error LNK2038: 检测到“_ITERATOR_DEBUG_LEVEL”的不匹配项: 值“0”不匹配值“2”(CefDuilibCilent.obj 中)
libcef_dll_wrapper.lib(print_handler_cpptoc.obj) : error LNK2038: 检测到“RuntimeLibrary”的不匹配项: 值“MT_StaticRelease”不匹配值“MTd_StaticDebug”(CefDuilibCilent.obj 中)
libcef_dll_wrapper.lib(read_handler_cpptoc.obj) : error LNK2038: 检测到“_ITERATOR_DEBUG_LEVEL”的不匹配项: 值“0”不匹配值“2”(CefDuilibCilent.obj 中)
libcef_dll_wrapper.lib(read_handler_cpptoc.obj) : error LNK2038: 检测到“RuntimeLibrary”的不匹配项: 值“MT_StaticRelease”不匹配值“MTd_StaticDebug”(CefDuilibCilent.obj 中)
libcef_dll_wrapper.lib(render_handler_cpptoc.obj) : error LNK2038: 检测到“_ITERATOR_DEBUG_LEVEL”的不匹配项: 值“0”不匹配值“2”(CefDuilibCilent.obj 中)
libcef_dll_wrapper.lib(render_handler_cpptoc.obj) : error LNK2038: 检测到“RuntimeLibrary”的不匹配项: 值“MT_StaticRelease”不匹配值“MTd_StaticDebug”(CefDuilibCilent.obj 中)
libcef_dll_wrapper.lib(render_process_handler_cpptoc.obj) : error LNK2038: 检测到“_ITERATOR_DEBUG_LEVEL”的不匹配项: 值“0”不匹配值“2”(CefDuilibCilent.obj 中)
libcef_dll_wrapper.lib(render_process_handler_cpptoc.obj) : error LNK2038: 检测到“RuntimeLibrary”的不匹配项: 值“MT_StaticRelease”不匹配值“MTd_StaticDebug”(CefDuilibCilent.obj 中)
libcef_dll_wrapper.lib(request_handler_cpptoc.obj) : error LNK2038: 检测到“_ITERATOR_DEBUG_LEVEL”的不匹配项: 值“0”不匹配值“2”(CefDuilibCilent.obj 中)
libcef_dll_wrapper.lib(request_handler_cpptoc.obj) : error LNK2038: 检测到“RuntimeLibrary”的不匹配项: 值“MT_StaticRelease”不匹配值“MTd_StaticDebug”(CefDuilibCilent.obj 中)
libcef_dll_wrapper.lib(resolve_callback_cpptoc.obj) : error LNK2038: 检测到“_ITERATOR_DEBUG_LEVEL”的不匹配项: 值“0”不匹配值“2”(CefDuilibCilent.obj 中)
libcef_dll_wrapper.lib(resolve_callback_cpptoc.obj) : error LNK2038: 检测到“RuntimeLibrary”的不匹配项: 值“MT_StaticRelease”不匹配值“MTd_StaticDebug”(CefDuilibCilent.obj 中)
libcef_dll_wrapper.lib(resource_bundle_handler_cpptoc.obj) : error LNK2038: 检测到“_ITERATOR_DEBUG_LEVEL”的不匹配项: 值“0”不匹配值“2”(CefDuilibCilent.obj 中)
libcef_dll_wrapper.lib(resource_bundle_handler_cpptoc.obj) : error LNK2038: 检测到“RuntimeLibrary”的不匹配项: 值“MT_StaticRelease”不匹配值“MTd_StaticDebug”(CefDuilibCilent.obj 中)
libcef_dll_wrapper.lib(resource_handler_cpptoc.obj) : error LNK2038: 检测到“_ITERATOR_DEBUG_LEVEL”的不匹配项: 值“0”不匹配值“2”(CefDuilibCilent.obj 中)
libcef_dll_wrapper.lib(resource_handler_cpptoc.obj) : error LNK2038: 检测到“RuntimeLibrary”的不匹配项: 值“MT_StaticRelease”不匹配值“MTd_StaticDebug”(CefDuilibCilent.obj 中)
libcef_dll_wrapper.lib(response_filter_cpptoc.obj) : error LNK2038: 检测到“_ITERATOR_DEBUG_LEVEL”的不匹配项: 值“0”不匹配值“2”(CefDuilibCilent.obj 中)
libcef_dll_wrapper.lib(response_filter_cpptoc.obj) : error LNK2038: 检测到“RuntimeLibrary”的不匹配项: 值“MT_StaticRelease”不匹配值“MTd_StaticDebug”(CefDuilibCilent.obj 中)
libcef_dll_wrapper.lib(set_cookie_callback_cpptoc.obj) : error LNK2038: 检测到“_ITERATOR_DEBUG_LEVEL”的不匹配项: 值“0”不匹配值“2”(CefDuilibCilent.obj 中)
libcef_dll_wrapper.lib(set_cookie_callback_cpptoc.obj) : error LNK2038: 检测到“RuntimeLibrary”的不匹配项: 值“MT_StaticRelease”不匹配值“MTd_StaticDebug”(CefDuilibCilent.obj 中)
libcef_dll_wrapper.lib(string_visitor_cpptoc.obj) : error LNK2038: 检测到“_ITERATOR_DEBUG_LEVEL”的不匹配项: 值“0”不匹配值“2”(CefDuilibCilent.obj 中)
libcef_dll_wrapper.lib(string_visitor_cpptoc.obj) : error LNK2038: 检测到“RuntimeLibrary”的不匹配项: 值“MT_StaticRelease”不匹配值“MTd_StaticDebug”(CefDuilibCilent.obj 中)
libcef_dll_wrapper.lib(textfield_delegate_cpptoc.obj) : error LNK2038: 检测到“_ITERATOR_DEBUG_LEVEL”的不匹配项: 值“0”不匹配值“2”(CefDuilibCilent.obj 中)
libcef_dll_wrapper.lib(textfield_delegate_cpptoc.obj) : error LNK2038: 检测到“RuntimeLibrary”的不匹配项: 值“MT_StaticRelease”不匹配值“MTd_StaticDebug”(CefDuilibCilent.obj 中)
libcef_dll_wrapper.lib(translator_test_ref_ptr_client_cpptoc.obj) : error LNK2038: 检测到“_ITERATOR_DEBUG_LEVEL”的不匹配项: 值“0”不匹配值“2”(CefDuilibCilent.obj 中)
libcef_dll_wrapper.lib(translator_test_ref_ptr_client_cpptoc.obj) : error LNK2038: 检测到“RuntimeLibrary”的不匹配项: 值“MT_StaticRelease”不匹配值“MTd_StaticDebug”(CefDuilibCilent.obj 中)
libcef_dll_wrapper.lib(translator_test_ref_ptr_client_child_cpptoc.obj) : error LNK2038: 检测到“_ITERATOR_DEBUG_LEVEL”的不匹配项: 值“0”不匹配值“2”(CefDuilibCilent.obj 中)
libcef_dll_wrapper.lib(translator_test_ref_ptr_client_child_cpptoc.obj) : error LNK2038: 检测到“RuntimeLibrary”的不匹配项: 值“MT_StaticRelease”不匹配值“MTd_StaticDebug”(CefDuilibCilent.obj 中)
libcef_dll_wrapper.lib(translator_test_scoped_client_cpptoc.obj) : error LNK2038: 检测到“_ITERATOR_DEBUG_LEVEL”的不匹配项: 值“0”不匹配值“2”(CefDuilibCilent.obj 中)
libcef_dll_wrapper.lib(translator_test_scoped_client_cpptoc.obj) : error LNK2038: 检测到“RuntimeLibrary”的不匹配项: 值“MT_StaticRelease”不匹配值“MTd_StaticDebug”(CefDuilibCilent.obj 中)
libcef_dll_wrapper.lib(translator_test_scoped_client_child_cpptoc.obj) : error LNK2038: 检测到“_ITERATOR_DEBUG_LEVEL”的不匹配项: 值“0”不匹配值“2”(CefDuilibCilent.obj 中)
libcef_dll_wrapper.lib(translator_test_scoped_client_child_cpptoc.obj) : error LNK2038: 检测到“RuntimeLibrary”的不匹配项: 值“MT_StaticRelease”不匹配值“MTd_StaticDebug”(CefDuilibCilent.obj 中)
libcef_dll_wrapper.lib(urlrequest_client_cpptoc.obj) : error LNK2038: 检测到“_ITERATOR_DEBUG_LEVEL”的不匹配项: 值“0”不匹配值“2”(CefDuilibCilent.obj 中)
libcef_dll_wrapper.lib(urlrequest_client_cpptoc.obj) : error LNK2038: 检测到“RuntimeLibrary”的不匹配项: 值“MT_StaticRelease”不匹配值“MTd_StaticDebug”(CefDuilibCilent.obj 中)
libcef_dll_wrapper.lib(v8accessor_cpptoc.obj) : error LNK2038: 检测到“_ITERATOR_DEBUG_LEVEL”的不匹配项: 值“0”不匹配值“2”(CefDuilibCilent.obj 中)
libcef_dll_wrapper.lib(v8accessor_cpptoc.obj) : error LNK2038: 检测到“RuntimeLibrary”的不匹配项: 值“MT_StaticRelease”不匹配值“MTd_StaticDebug”(CefDuilibCilent.obj 中)
libcef_dll_wrapper.lib(v8interceptor_cpptoc.obj) : error LNK2038: 检测到“_ITERATOR_DEBUG_LEVEL”的不匹配项: 值“0”不匹配值“2”(CefDuilibCilent.obj 中)
libcef_dll_wrapper.lib(v8interceptor_cpptoc.obj) : error LNK2038: 检测到“RuntimeLibrary”的不匹配项: 值“MT_StaticRelease”不匹配值“MTd_StaticDebug”(CefDuilibCilent.obj 中)
libcef_dll_wrapper.lib(view_delegate_cpptoc.obj) : error LNK2038: 检测到“_ITERATOR_DEBUG_LEVEL”的不匹配项: 值“0”不匹配值“2”(CefDuilibCilent.obj 中)
libcef_dll_wrapper.lib(view_delegate_cpptoc.obj) : error LNK2038: 检测到“RuntimeLibrary”的不匹配项: 值“MT_StaticRelease”不匹配值“MTd_StaticDebug”(CefDuilibCilent.obj 中)
libcef_dll_wrapper.lib(window_delegate_cpptoc.obj) : error LNK2038: 检测到“_ITERATOR_DEBUG_LEVEL”的不匹配项: 值“0”不匹配值“2”(CefDuilibCilent.obj 中)
libcef_dll_wrapper.lib(window_delegate_cpptoc.obj) : error LNK2038: 检测到“RuntimeLibrary”的不匹配项: 值“MT_StaticRelease”不匹配值“MTd_StaticDebug”(CefDuilibCilent.obj 中)
libcef_dll_wrapper.lib(write_handler_cpptoc.obj) : error LNK2038: 检测到“_ITERATOR_DEBUG_LEVEL”的不匹配项: 值“0”不匹配值“2”(CefDuilibCilent.obj 中)
libcef_dll_wrapper.lib(write_handler_cpptoc.obj) : error LNK2038: 检测到“RuntimeLibrary”的不匹配项: 值“MT_StaticRelease”不匹配值“MTd_StaticDebug”(CefDuilibCilent.obj 中)
libcef_dll_wrapper.lib(auth_callback_ctocpp.obj) : error LNK2038: 检测到“_ITERATOR_DEBUG_LEVEL”的不匹配项: 值“0”不匹配值“2”(CefDuilibCilent.obj 中)
libcef_dll_wrapper.lib(auth_callback_ctocpp.obj) : error LNK2038: 检测到“RuntimeLibrary”的不匹配项: 值“MT_StaticRelease”不匹配值“MTd_StaticDebug”(CefDuilibCilent.obj 中)
libcef_dll_wrapper.lib(before_download_callback_ctocpp.obj) : error LNK2038: 检测到“_ITERATOR_DEBUG_LEVEL”的不匹配项: 值“0”不匹配值“2”(CefDuilibCilent.obj 中)
libcef_dll_wrapper.lib(before_download_callback_ctocpp.obj) : error LNK2038: 检测到“RuntimeLibrary”的不匹配项: 值“MT_StaticRelease”不匹配值“MTd_StaticDebug”(CefDuilibCilent.obj 中)
libcef_dll_wrapper.lib(box_layout_ctocpp.obj) : error LNK2038: 检测到“_ITERATOR_DEBUG_LEVEL”的不匹配项: 值“0”不匹配值“2”(CefDuilibCilent.obj 中)
libcef_dll_wrapper.lib(box_layout_ctocpp.obj) : error LNK2038: 检测到“RuntimeLibrary”的不匹配项: 值“MT_StaticRelease”不匹配值“MTd_StaticDebug”(CefDuilibCilent.obj 中)
libcef_dll_wrapper.lib(browser_view_ctocpp.obj) : error LNK2038: 检测到“_ITERATOR_DEBUG_LEVEL”的不匹配项: 值“0”不匹配值“2”(CefDuilibCilent.obj 中)
libcef_dll_wrapper.lib(browser_view_ctocpp.obj) : error LNK2038: 检测到“RuntimeLibrary”的不匹配项: 值“MT_StaticRelease”不匹配值“MTd_StaticDebug”(CefDuilibCilent.obj 中)
libcef_dll_wrapper.lib(button_ctocpp.obj) : error LNK2038: 检测到“_ITERATOR_DEBUG_LEVEL”的不匹配项: 值“0”不匹配值“2”(CefDuilibCilent.obj 中)
libcef_dll_wrapper.lib(button_ctocpp.obj) : error LNK2038: 检测到“RuntimeLibrary”的不匹配项: 值“MT_StaticRelease”不匹配值“MTd_StaticDebug”(CefDuilibCilent.obj 中)
libcef_dll_wrapper.lib(callback_ctocpp.obj) : error LNK2038: 检测到“_ITERATOR_DEBUG_LEVEL”的不匹配项: 值“0”不匹配值“2”(CefDuilibCilent.obj 中)
libcef_dll_wrapper.lib(callback_ctocpp.obj) : error LNK2038: 检测到“RuntimeLibrary”的不匹配项: 值“MT_StaticRelease”不匹配值“MTd_StaticDebug”(CefDuilibCilent.obj 中)
libcef_dll_wrapper.lib(context_menu_params_ctocpp.obj) : error LNK2038: 检测到“_ITERATOR_DEBUG_LEVEL”的不匹配项: 值“0”不匹配值“2”(CefDuilibCilent.obj 中)
libcef_dll_wrapper.lib(context_menu_params_ctocpp.obj) : error LNK2038: 检测到“RuntimeLibrary”的不匹配项: 值“MT_StaticRelease”不匹配值“MTd_StaticDebug”(CefDuilibCilent.obj 中)
libcef_dll_wrapper.lib(domdocument_ctocpp.obj) : error LNK2038: 检测到“_ITERATOR_DEBUG_LEVEL”的不匹配项: 值“0”不匹配值“2”(CefDuilibCilent.obj 中)
libcef_dll_wrapper.lib(domdocument_ctocpp.obj) : error LNK2038: 检测到“RuntimeLibrary”的不匹配项: 值“MT_StaticRelease”不匹配值“MTd_StaticDebug”(CefDuilibCilent.obj 中)
libcef_dll_wrapper.lib(domnode_ctocpp.obj) : error LNK2038: 检测到“_ITERATOR_DEBUG_LEVEL”的不匹配项: 值“0”不匹配值“2”(CefDuilibCilent.obj 中)
libcef_dll_wrapper.lib(domnode_ctocpp.obj) : error LNK2038: 检测到“RuntimeLibrary”的不匹配项: 值“MT_StaticRelease”不匹配值“MTd_StaticDebug”(CefDuilibCilent.obj 中)
libcef_dll_wrapper.lib(dictionary_value_ctocpp.obj) : error LNK2038: 检测到“_ITERATOR_DEBUG_LEVEL”的不匹配项: 值“0”不匹配值“2”(CefDuilibCilent.obj 中)
libcef_dll_wrapper.lib(dictionary_value_ctocpp.obj) : error LNK2038: 检测到“RuntimeLibrary”的不匹配项: 值“MT_StaticRelease”不匹配值“MTd_StaticDebug”(CefDuilibCilent.obj 中)
libcef_dll_wrapper.lib(display_ctocpp.obj) : error LNK2038: 检测到“_ITERATOR_DEBUG_LEVEL”的不匹配项: 值“0”不匹配值“2”(CefDuilibCilent.obj 中)
libcef_dll_wrapper.lib(display_ctocpp.obj) : error LNK2038: 检测到“RuntimeLibrary”的不匹配项: 值“MT_StaticRelease”不匹配值“MTd_StaticDebug”(CefDuilibCilent.obj 中)
libcef_dll_wrapper.lib(download_item_ctocpp.obj) : error LNK2038: 检测到“_ITERATOR_DEBUG_LEVEL”的不匹配项: 值“0”不匹配值“2”(CefDuilibCilent.obj 中)
libcef_dll_wrapper.lib(download_item_ctocpp.obj) : error LNK2038: 检测到“RuntimeLibrary”的不匹配项: 值“MT_StaticRelease”不匹配值“MTd_StaticDebug”(CefDuilibCilent.obj 中)
libcef_dll_wrapper.lib(download_item_callback_ctocpp.obj) : error LNK2038: 检测到“_ITERATOR_DEBUG_LEVEL”的不匹配项: 值“0”不匹配值“2”(CefDuilibCilent.obj 中)
libcef_dll_wrapper.lib(download_item_callback_ctocpp.obj) : error LNK2038: 检测到“RuntimeLibrary”的不匹配项: 值“MT_StaticRelease”不匹配值“MTd_StaticDebug”(CefDuilibCilent.obj 中)
libcef_dll_wrapper.lib(file_dialog_callback_ctocpp.obj) : error LNK2038: 检测到“_ITERATOR_DEBUG_LEVEL”的不匹配项: 值“0”不匹配值“2”(CefDuilibCilent.obj 中)
libcef_dll_wrapper.lib(file_dialog_callback_ctocpp.obj) : error LNK2038: 检测到“RuntimeLibrary”的不匹配项: 值“MT_StaticRelease”不匹配值“MTd_StaticDebug”(CefDuilibCilent.obj 中)
libcef_dll_wrapper.lib(fill_layout_ctocpp.obj) : error LNK2038: 检测到“_ITERATOR_DEBUG_LEVEL”的不匹配项: 值“0”不匹配值“2”(CefDuilibCilent.obj 中)
libcef_dll_wrapper.lib(fill_layout_ctocpp.obj) : error LNK2038: 检测到“RuntimeLibrary”的不匹配项: 值“MT_StaticRelease”不匹配值“MTd_StaticDebug”(CefDuilibCilent.obj 中)
libcef_dll_wrapper.lib(frame_ctocpp.obj) : error LNK2038: 检测到“_ITERATOR_DEBUG_LEVEL”的不匹配项: 值“0”不匹配值“2”(CefDuilibCilent.obj 中)
libcef_dll_wrapper.lib(frame_ctocpp.obj) : error LNK2038: 检测到“RuntimeLibrary”的不匹配项: 值“MT_StaticRelease”不匹配值“MTd_StaticDebug”(CefDuilibCilent.obj 中)
libcef_dll_wrapper.lib(geolocation_callback_ctocpp.obj) : error LNK2038: 检测到“_ITERATOR_DEBUG_LEVEL”的不匹配项: 值“0”不匹配值“2”(CefDuilibCilent.obj 中)
libcef_dll_wrapper.lib(geolocation_callback_ctocpp.obj) : error LNK2038: 检测到“RuntimeLibrary”的不匹配项: 值“MT_StaticRelease”不匹配值“MTd_StaticDebug”(CefDuilibCilent.obj 中)
libcef_dll_wrapper.lib(image_ctocpp.obj) : error LNK2038: 检测到“_ITERATOR_DEBUG_LEVEL”的不匹配项: 值“0”不匹配值“2”(CefDuilibCilent.obj 中)
libcef_dll_wrapper.lib(image_ctocpp.obj) : error LNK2038: 检测到“RuntimeLibrary”的不匹配项: 值“MT_StaticRelease”不匹配值“MTd_StaticDebug”(CefDuilibCilent.obj 中)
libcef_dll_wrapper.lib(jsdialog_callback_ctocpp.obj) : error LNK2038: 检测到“_ITERATOR_DEBUG_LEVEL”的不匹配项: 值“0”不匹配值“2”(CefDuilibCilent.obj 中)
libcef_dll_wrapper.lib(jsdialog_callback_ctocpp.obj) : error LNK2038: 检测到“RuntimeLibrary”的不匹配项: 值“MT_StaticRelease”不匹配值“MTd_StaticDebug”(CefDuilibCilent.obj 中)
libcef_dll_wrapper.lib(label_button_ctocpp.obj) : error LNK2038: 检测到“_ITERATOR_DEBUG_LEVEL”的不匹配项: 值“0”不匹配值“2”(CefDuilibCilent.obj 中)
libcef_dll_wrapper.lib(label_button_ctocpp.obj) : error LNK2038: 检测到“RuntimeLibrary”的不匹配项: 值“MT_StaticRelease”不匹配值“MTd_StaticDebug”(CefDuilibCilent.obj 中)
libcef_dll_wrapper.lib(layout_ctocpp.obj) : error LNK2038: 检测到“_ITERATOR_DEBUG_LEVEL”的不匹配项: 值“0”不匹配值“2”(CefDuilibCilent.obj 中)
libcef_dll_wrapper.lib(layout_ctocpp.obj) : error LNK2038: 检测到“RuntimeLibrary”的不匹配项: 值“MT_StaticRelease”不匹配值“MTd_StaticDebug”(CefDuilibCilent.obj 中)
libcef_dll_wrapper.lib(menu_button_ctocpp.obj) : error LNK2038: 检测到“_ITERATOR_DEBUG_LEVEL”的不匹配项: 值“0”不匹配值“2”(CefDuilibCilent.obj 中)
libcef_dll_wrapper.lib(menu_button_ctocpp.obj) : error LNK2038: 检测到“RuntimeLibrary”的不匹配项: 值“MT_StaticRelease”不匹配值“MTd_StaticDebug”(CefDuilibCilent.obj 中)
libcef_dll_wrapper.lib(menu_model_ctocpp.obj) : error LNK2038: 检测到“_ITERATOR_DEBUG_LEVEL”的不匹配项: 值“0”不匹配值“2”(CefDuilibCilent.obj 中)
libcef_dll_wrapper.lib(menu_model_ctocpp.obj) : error LNK2038: 检测到“RuntimeLibrary”的不匹配项: 值“MT_StaticRelease”不匹配值“MTd_StaticDebug”(CefDuilibCilent.obj 中)
libcef_dll_wrapper.lib(panel_ctocpp.obj) : error LNK2038: 检测到“_ITERATOR_DEBUG_LEVEL”的不匹配项: 值“0”不匹配值“2”(CefDuilibCilent.obj 中)
libcef_dll_wrapper.lib(panel_ctocpp.obj) : error LNK2038: 检测到“RuntimeLibrary”的不匹配项: 值“MT_StaticRelease”不匹配值“MTd_StaticDebug”(CefDuilibCilent.obj 中)
libcef_dll_wrapper.lib(print_dialog_callback_ctocpp.obj) : error LNK2038: 检测到“_ITERATOR_DEBUG_LEVEL”的不匹配项: 值“0”不匹配值“2”(CefDuilibCilent.obj 中)
libcef_dll_wrapper.lib(print_dialog_callback_ctocpp.obj) : error LNK2038: 检测到“RuntimeLibrary”的不匹配项: 值“MT_StaticRelease”不匹配值“MTd_StaticDebug”(CefDuilibCilent.obj 中)
libcef_dll_wrapper.lib(print_job_callback_ctocpp.obj) : error LNK2038: 检测到“_ITERATOR_DEBUG_LEVEL”的不匹配项: 值“0”不匹配值“2”(CefDuilibCilent.obj 中)
libcef_dll_wrapper.lib(print_job_callback_ctocpp.obj) : error LNK2038: 检测到“RuntimeLibrary”的不匹配项: 值“MT_StaticRelease”不匹配值“MTd_StaticDebug”(CefDuilibCilent.obj 中)
libcef_dll_wrapper.lib(print_settings_ctocpp.obj) : error LNK2038: 检测到“_ITERATOR_DEBUG_LEVEL”的不匹配项: 值“0”不匹配值“2”(CefDuilibCilent.obj 中)
libcef_dll_wrapper.lib(print_settings_ctocpp.obj) : error LNK2038: 检测到“RuntimeLibrary”的不匹配项: 值“MT_StaticRelease”不匹配值“MTd_StaticDebug”(CefDuilibCilent.obj 中)
libcef_dll_wrapper.lib(request_callback_ctocpp.obj) : error LNK2038: 检测到“_ITERATOR_DEBUG_LEVEL”的不匹配项: 值“0”不匹配值“2”(CefDuilibCilent.obj 中)
libcef_dll_wrapper.lib(request_callback_ctocpp.obj) : error LNK2038: 检测到“RuntimeLibrary”的不匹配项: 值“MT_StaticRelease”不匹配值“MTd_StaticDebug”(CefDuilibCilent.obj 中)
libcef_dll_wrapper.lib(run_context_menu_callback_ctocpp.obj) : error LNK2038: 检测到“_ITERATOR_DEBUG_LEVEL”的不匹配项: 值“0”不匹配值“2”(CefDuilibCilent.obj 中)
libcef_dll_wrapper.lib(run_context_menu_callback_ctocpp.obj) : error LNK2038: 检测到“RuntimeLibrary”的不匹配项: 值“MT_StaticRelease”不匹配值“MTd_StaticDebug”(CefDuilibCilent.obj 中)
libcef_dll_wrapper.lib(sslinfo_ctocpp.obj) : error LNK2038: 检测到“_ITERATOR_DEBUG_LEVEL”的不匹配项: 值“0”不匹配值“2”(CefDuilibCilent.obj 中)
libcef_dll_wrapper.lib(sslinfo_ctocpp.obj) : error LNK2038: 检测到“RuntimeLibrary”的不匹配项: 值“MT_StaticRelease”不匹配值“MTd_StaticDebug”(CefDuilibCilent.obj 中)
libcef_dll_wrapper.lib(sslstatus_ctocpp.obj) : error LNK2038: 检测到“_ITERATOR_DEBUG_LEVEL”的不匹配项: 值“0”不匹配值“2”(CefDuilibCilent.obj 中)
libcef_dll_wrapper.lib(sslstatus_ctocpp.obj) : error LNK2038: 检测到“RuntimeLibrary”的不匹配项: 值“MT_StaticRelease”不匹配值“MTd_StaticDebug”(CefDuilibCilent.obj 中)
libcef_dll_wrapper.lib(scheme_registrar_ctocpp.obj) : error LNK2038: 检测到“_ITERATOR_DEBUG_LEVEL”的不匹配项: 值“0”不匹配值“2”(CefDuilibCilent.obj 中)
libcef_dll_wrapper.lib(scheme_registrar_ctocpp.obj) : error LNK2038: 检测到“RuntimeLibrary”的不匹配项: 值“MT_StaticRelease”不匹配值“MTd_StaticDebug”(CefDuilibCilent.obj 中)
libcef_dll_wrapper.lib(scroll_view_ctocpp.obj) : error LNK2038: 检测到“_ITERATOR_DEBUG_LEVEL”的不匹配项: 值“0”不匹配值“2”(CefDuilibCilent.obj 中)
libcef_dll_wrapper.lib(scroll_view_ctocpp.obj) : error LNK2038: 检测到“RuntimeLibrary”的不匹配项: 值“MT_StaticRelease”不匹配值“MTd_StaticDebug”(CefDuilibCilent.obj 中)
libcef_dll_wrapper.lib(select_client_certificate_callback_ctocpp.obj) : error LNK2038: 检测到“_ITERATOR_DEBUG_LEVEL”的不匹配项: 值“0”不匹配值“2”(CefDuilibCilent.obj 中)
libcef_dll_wrapper.lib(select_client_certificate_callback_ctocpp.obj) : error LNK2038: 检测到“RuntimeLibrary”的不匹配项: 值“MT_StaticRelease”不匹配值“MTd_StaticDebug”(CefDuilibCilent.obj 中)
libcef_dll_wrapper.lib(stream_reader_ctocpp.obj) : error LNK2038: 检测到“_ITERATOR_DEBUG_LEVEL”的不匹配项: 值“0”不匹配值“2”(CefDuilibCilent.obj 中)
libcef_dll_wrapper.lib(stream_reader_ctocpp.obj) : error LNK2038: 检测到“RuntimeLibrary”的不匹配项: 值“MT_StaticRelease”不匹配值“MTd_StaticDebug”(CefDuilibCilent.obj 中)
libcef_dll_wrapper.lib(stream_writer_ctocpp.obj) : error LNK2038: 检测到“_ITERATOR_DEBUG_LEVEL”的不匹配项: 值“0”不匹配值“2”(CefDuilibCilent.obj 中)
libcef_dll_wrapper.lib(stream_writer_ctocpp.obj) : error LNK2038: 检测到“RuntimeLibrary”的不匹配项: 值“MT_StaticRelease”不匹配值“MTd_StaticDebug”(CefDuilibCilent.obj 中)
libcef_dll_wrapper.lib(task_runner_ctocpp.obj) : error LNK2038: 检测到“_ITERATOR_DEBUG_LEVEL”的不匹配项: 值“0”不匹配值“2”(CefDuilibCilent.obj 中)
libcef_dll_wrapper.lib(task_runner_ctocpp.obj) : error LNK2038: 检测到“RuntimeLibrary”的不匹配项: 值“MT_StaticRelease”不匹配值“MTd_StaticDebug”(CefDuilibCilent.obj 中)
libcef_dll_wrapper.lib(textfield_ctocpp.obj) : error LNK2038: 检测到“_ITERATOR_DEBUG_LEVEL”的不匹配项: 值“0”不匹配值“2”(CefDuilibCilent.obj 中)
libcef_dll_wrapper.lib(textfield_ctocpp.obj) : error LNK2038: 检测到“RuntimeLibrary”的不匹配项: 值“MT_StaticRelease”不匹配值“MTd_StaticDebug”(CefDuilibCilent.obj 中)
libcef_dll_wrapper.lib(thread_ctocpp.obj) : error LNK2038: 检测到“_ITERATOR_DEBUG_LEVEL”的不匹配项: 值“0”不匹配值“2”(CefDuilibCilent.obj 中)
libcef_dll_wrapper.lib(thread_ctocpp.obj) : error LNK2038: 检测到“RuntimeLibrary”的不匹配项: 值“MT_StaticRelease”不匹配值“MTd_StaticDebug”(CefDuilibCilent.obj 中)
libcef_dll_wrapper.lib(translator_test_ctocpp.obj) : error LNK2038: 检测到“_ITERATOR_DEBUG_LEVEL”的不匹配项: 值“0”不匹配值“2”(CefDuilibCilent.obj 中)
libcef_dll_wrapper.lib(translator_test_ctocpp.obj) : error LNK2038: 检测到“RuntimeLibrary”的不匹配项: 值“MT_StaticRelease”不匹配值“MTd_StaticDebug”(CefDuilibCilent.obj 中)
libcef_dll_wrapper.lib(translator_test_ref_ptr_library_ctocpp.obj) : error LNK2038: 检测到“_ITERATOR_DEBUG_LEVEL”的不匹配项: 值“0”不匹配值“2”(CefDuilibCilent.obj 中)
libcef_dll_wrapper.lib(translator_test_ref_ptr_library_ctocpp.obj) : error LNK2038: 检测到“RuntimeLibrary”的不匹配项: 值“MT_StaticRelease”不匹配值“MTd_StaticDebug”(CefDuilibCilent.obj 中)
libcef_dll_wrapper.lib(translator_test_ref_ptr_library_child_ctocpp.obj) : error LNK2038: 检测到“_ITERATOR_DEBUG_LEVEL”的不匹配项: 值“0”不匹配值“2”(CefDuilibCilent.obj 中)
libcef_dll_wrapper.lib(translator_test_ref_ptr_library_child_ctocpp.obj) : error LNK2038: 检测到“RuntimeLibrary”的不匹配项: 值“MT_StaticRelease”不匹配值“MTd_StaticDebug”(CefDuilibCilent.obj 中)
libcef_dll_wrapper.lib(translator_test_ref_ptr_library_child_child_ctocpp.obj) : error LNK2038: 检测到“_ITERATOR_DEBUG_LEVEL”的不匹配项: 值“0”不匹配值“2”(CefDuilibCilent.obj 中)
libcef_dll_wrapper.lib(translator_test_ref_ptr_library_child_child_ctocpp.obj) : error LNK2038: 检测到“RuntimeLibrary”的不匹配项: 值“MT_StaticRelease”不匹配值“MTd_StaticDebug”(CefDuilibCilent.obj 中)
libcef_dll_wrapper.lib(translator_test_scoped_library_ctocpp.obj) : error LNK2038: 检测到“_ITERATOR_DEBUG_LEVEL”的不匹配项: 值“0”不匹配值“2”(CefDuilibCilent.obj 中)
libcef_dll_wrapper.lib(translator_test_scoped_library_ctocpp.obj) : error LNK2038: 检测到“RuntimeLibrary”的不匹配项: 值“MT_StaticRelease”不匹配值“MTd_StaticDebug”(CefDuilibCilent.obj 中)
libcef_dll_wrapper.lib(translator_test_scoped_library_child_ctocpp.obj) : error LNK2038: 检测到“_ITERATOR_DEBUG_LEVEL”的不匹配项: 值“0”不匹配值“2”(CefDuilibCilent.obj 中)
libcef_dll_wrapper.lib(translator_test_scoped_library_child_ctocpp.obj) : error LNK2038: 检测到“RuntimeLibrary”的不匹配项: 值“MT_StaticRelease”不匹配值“MTd_StaticDebug”(CefDuilibCilent.obj 中)
libcef_dll_wrapper.lib(translator_test_scoped_library_child_child_ctocpp.obj) : error LNK2038: 检测到“_ITERATOR_DEBUG_LEVEL”的不匹配项: 值“0”不匹配值“2”(CefDuilibCilent.obj 中)
libcef_dll_wrapper.lib(translator_test_scoped_library_child_child_ctocpp.obj) : error LNK2038: 检测到“RuntimeLibrary”的不匹配项: 值“MT_StaticRelease”不匹配值“MTd_StaticDebug”(CefDuilibCilent.obj 中)
libcef_dll_wrapper.lib(urlrequest_ctocpp.obj) : error LNK2038: 检测到“_ITERATOR_DEBUG_LEVEL”的不匹配项: 值“0”不匹配值“2”(CefDuilibCilent.obj 中)
libcef_dll_wrapper.lib(urlrequest_ctocpp.obj) : error LNK2038: 检测到“RuntimeLibrary”的不匹配项: 值“MT_StaticRelease”不匹配值“MTd_StaticDebug”(CefDuilibCilent.obj 中)
libcef_dll_wrapper.lib(v8context_ctocpp.obj) : error LNK2038: 检测到“_ITERATOR_DEBUG_LEVEL”的不匹配项: 值“0”不匹配值“2”(CefDuilibCilent.obj 中)
libcef_dll_wrapper.lib(v8context_ctocpp.obj) : error LNK2038: 检测到“RuntimeLibrary”的不匹配项: 值“MT_StaticRelease”不匹配值“MTd_StaticDebug”(CefDuilibCilent.obj 中)
libcef_dll_wrapper.lib(v8exception_ctocpp.obj) : error LNK2038: 检测到“_ITERATOR_DEBUG_LEVEL”的不匹配项: 值“0”不匹配值“2”(CefDuilibCilent.obj 中)
libcef_dll_wrapper.lib(v8exception_ctocpp.obj) : error LNK2038: 检测到“RuntimeLibrary”的不匹配项: 值“MT_StaticRelease”不匹配值“MTd_StaticDebug”(CefDuilibCilent.obj 中)
libcef_dll_wrapper.lib(v8stack_frame_ctocpp.obj) : error LNK2038: 检测到“_ITERATOR_DEBUG_LEVEL”的不匹配项: 值“0”不匹配值“2”(CefDuilibCilent.obj 中)
libcef_dll_wrapper.lib(v8stack_frame_ctocpp.obj) : error LNK2038: 检测到“RuntimeLibrary”的不匹配项: 值“MT_StaticRelease”不匹配值“MTd_StaticDebug”(CefDuilibCilent.obj 中)
libcef_dll_wrapper.lib(v8stack_trace_ctocpp.obj) : error LNK2038: 检测到“_ITERATOR_DEBUG_LEVEL”的不匹配项: 值“0”不匹配值“2”(CefDuilibCilent.obj 中)
libcef_dll_wrapper.lib(v8stack_trace_ctocpp.obj) : error LNK2038: 检测到“RuntimeLibrary”的不匹配项: 值“MT_StaticRelease”不匹配值“MTd_StaticDebug”(CefDuilibCilent.obj 中)
libcef_dll_wrapper.lib(v8value_ctocpp.obj) : error LNK2038: 检测到“_ITERATOR_DEBUG_LEVEL”的不匹配项: 值“0”不匹配值“2”(CefDuilibCilent.obj 中)
libcef_dll_wrapper.lib(v8value_ctocpp.obj) : error LNK2038: 检测到“RuntimeLibrary”的不匹配项: 值“MT_StaticRelease”不匹配值“MTd_StaticDebug”(CefDuilibCilent.obj 中)
libcef_dll_wrapper.lib(view_ctocpp.obj) : error LNK2038: 检测到“_ITERATOR_DEBUG_LEVEL”的不匹配项: 值“0”不匹配值“2”(CefDuilibCilent.obj 中)
libcef_dll_wrapper.lib(view_ctocpp.obj) : error LNK2038: 检测到“RuntimeLibrary”的不匹配项: 值“MT_StaticRelease”不匹配值“MTd_StaticDebug”(CefDuilibCilent.obj 中)
libcef_dll_wrapper.lib(waitable_event_ctocpp.obj) : error LNK2038: 检测到“_ITERATOR_DEBUG_LEVEL”的不匹配项: 值“0”不匹配值“2”(CefDuilibCilent.obj 中)
libcef_dll_wrapper.lib(waitable_event_ctocpp.obj) : error LNK2038: 检测到“RuntimeLibrary”的不匹配项: 值“MT_StaticRelease”不匹配值“MTd_StaticDebug”(CefDuilibCilent.obj 中)
libcef_dll_wrapper.lib(web_plugin_info_ctocpp.obj) : error LNK2038: 检测到“_ITERATOR_DEBUG_LEVEL”的不匹配项: 值“0”不匹配值“2”(CefDuilibCilent.obj 中)
libcef_dll_wrapper.lib(web_plugin_info_ctocpp.obj) : error LNK2038: 检测到“RuntimeLibrary”的不匹配项: 值“MT_StaticRelease”不匹配值“MTd_StaticDebug”(CefDuilibCilent.obj 中)
libcef_dll_wrapper.lib(window_ctocpp.obj) : error LNK2038: 检测到“_ITERATOR_DEBUG_LEVEL”的不匹配项: 值“0”不匹配值“2”(CefDuilibCilent.obj 中)
libcef_dll_wrapper.lib(window_ctocpp.obj) : error LNK2038: 检测到“RuntimeLibrary”的不匹配项: 值“MT_StaticRelease”不匹配值“MTd_StaticDebug”(CefDuilibCilent.obj 中)
libcef_dll_wrapper.lib(x509cert_principal_ctocpp.obj) : error LNK2038: 检测到“_ITERATOR_DEBUG_LEVEL”的不匹配项: 值“0”不匹配值“2”(CefDuilibCilent.obj 中)
libcef_dll_wrapper.lib(x509cert_principal_ctocpp.obj) : error LNK2038: 检测到“RuntimeLibrary”的不匹配项: 值“MT_StaticRelease”不匹配值“MTd_StaticDebug”(CefDuilibCilent.obj 中)
libcef_dll_wrapper.lib(x509certificate_ctocpp.obj) : error LNK2038: 检测到“_ITERATOR_DEBUG_LEVEL”的不匹配项: 值“0”不匹配值“2”(CefDuilibCilent.obj 中)
libcef_dll_wrapper.lib(x509certificate_ctocpp.obj) : error LNK2038: 检测到“RuntimeLibrary”的不匹配项: 值“MT_StaticRelease”不匹配值“MTd_StaticDebug”(CefDuilibCilent.obj 中)
libcef_dll_wrapper.lib(xml_reader_ctocpp.obj) : error LNK2038: 检测到“_ITERATOR_DEBUG_LEVEL”的不匹配项: 值“0”不匹配值“2”(CefDuilibCilent.obj 中)
libcef_dll_wrapper.lib(xml_reader_ctocpp.obj) : error LNK2038: 检测到“RuntimeLibrary”的不匹配项: 值“MT_StaticRelease”不匹配值“MTd_StaticDebug”(CefDuilibCilent.obj 中)
libcef_dll_wrapper.lib(zip_reader_ctocpp.obj) : error LNK2038: 检测到“_ITERATOR_DEBUG_LEVEL”的不匹配项: 值“0”不匹配值“2”(CefDuilibCilent.obj 中)
libcef_dll_wrapper.lib(zip_reader_ctocpp.obj) : error LNK2038: 检测到“RuntimeLibrary”的不匹配项: 值“MT_StaticRelease”不匹配值“MTd_StaticDebug”(CefDuilibCilent.obj 中)
libcef_dll_wrapper.lib(request_context_handler_cpptoc.obj) : error LNK2038: 检测到“_ITERATOR_DEBUG_LEVEL”的不匹配项: 值“0”不匹配值“2”(CefDuilibCilent.obj 中)
libcef_dll_wrapper.lib(request_context_handler_cpptoc.obj) : error LNK2038: 检测到“RuntimeLibrary”的不匹配项: 值“MT_StaticRelease”不匹配值“MTd_StaticDebug”(CefDuilibCilent.obj 中)
libcef_dll_wrapper.lib(cookie_manager_ctocpp.obj) : error LNK2038: 检测到“_ITERATOR_DEBUG_LEVEL”的不匹配项: 值“0”不匹配值“2”(CefDuilibCilent.obj 中)
libcef_dll_wrapper.lib(cookie_manager_ctocpp.obj) : error LNK2038: 检测到“RuntimeLibrary”的不匹配项: 值“MT_StaticRelease”不匹配值“MTd_StaticDebug”(CefDuilibCilent.obj 中)
libcef_dll_wrapper.lib(request_ctocpp.obj) : error LNK2038: 检测到“_ITERATOR_DEBUG_LEVEL”的不匹配项: 值“0”不匹配值“2”(CefDuilibCilent.obj 中)
libcef_dll_wrapper.lib(request_ctocpp.obj) : error LNK2038: 检测到“RuntimeLibrary”的不匹配项: 值“MT_StaticRelease”不匹配值“MTd_StaticDebug”(CefDuilibCilent.obj 中)
libcef_dll_wrapper.lib(response_ctocpp.obj) : error LNK2038: 检测到“_ITERATOR_DEBUG_LEVEL”的不匹配项: 值“0”不匹配值“2”(CefDuilibCilent.obj 中)
libcef_dll_wrapper.lib(response_ctocpp.obj) : error LNK2038: 检测到“RuntimeLibrary”的不匹配项: 值“MT_StaticRelease”不匹配值“MTd_StaticDebug”(CefDuilibCilent.obj 中)
libcef_dll_wrapper.lib(base_ref_counted_cpptoc.obj) : error LNK2038: 检测到“_ITERATOR_DEBUG_LEVEL”的不匹配项: 值“0”不匹配值“2”(CefDuilibCilent.obj 中)
libcef_dll_wrapper.lib(base_ref_counted_cpptoc.obj) : error LNK2038: 检测到“RuntimeLibrary”的不匹配项: 值“MT_StaticRelease”不匹配值“MTd_StaticDebug”(CefDuilibCilent.obj 中)
libcef_dll_wrapper.lib(post_data_ctocpp.obj) : error LNK2038: 检测到“_ITERATOR_DEBUG_LEVEL”的不匹配项: 值“0”不匹配值“2”(CefDuilibCilent.obj 中)
libcef_dll_wrapper.lib(post_data_ctocpp.obj) : error LNK2038: 检测到“RuntimeLibrary”的不匹配项: 值“MT_StaticRelease”不匹配值“MTd_StaticDebug”(CefDuilibCilent.obj 中)
libcef_dll_wrapper.lib(post_data_element_ctocpp.obj) : error LNK2038: 检测到“_ITERATOR_DEBUG_LEVEL”的不匹配项: 值“0”不匹配值“2”(CefDuilibCilent.obj 中)
libcef_dll_wrapper.lib(post_data_element_ctocpp.obj) : error LNK2038: 检测到“RuntimeLibrary”的不匹配项: 值“MT_StaticRelease”不匹配值“MTd_StaticDebug”(CefDuilibCilent.obj 中)
LINK : fatal error LNK1104: 无法打开文件“DuiLib_ud.lib”
