d:\po\project\easyqqdemo\easyqqdemo\debug\easyqqdemo.pch
d:\po\project\easyqqdemo\easyqqdemo\debug\vc140.pdb
d:\po\project\easyqqdemo\easyqqdemo\debug\vc140.idb
d:\po\project\easyqqdemo\easyqqdemo\debug\stdafx.obj
d:\po\project\easyqqdemo\easyqqdemo\debug\easyqqregister.obj
d:\po\project\easyqqdemo\easyqqdemo\debug\easyqqdemo.obj
d:\po\project\easyqqdemo\easyqqdemo\debug\easyqqlogin.obj
d:\po\project\easyqqdemo\easyqqdemo\debug\easyqqsocket.obj
d:\po\project\easyqqdemo\easyqqdemo\debug\easyqqmain.obj
d:\po\project\easyqqdemo\easyqqdemo\debug\uifriends.obj
d:\po\project\easyqqdemo\easyqqdemo\debug\uilistcommondefine.obj
d:\po\project\easyqqdemo\easyqqdemo\debug\easyqqfriendlist.obj
d:\po\project\easyqqdemo\easyqqdemo\debug\qqsocket.obj
d:\po\project\easyqqdemo\easyqqdemo\debug\easyqqaddfriend.obj
d:\po\project\easyqqdemo\easyqqdemo\debug\easyqqverify.obj
d:\po\project\easyqqdemo\easyqqdemo\debug\easyqqchatbox.obj
d:\po\project\easyqqdemo\debug\easyqqdemo.lib
d:\po\project\easyqqdemo\debug\easyqqdemo.exp
d:\po\project\easyqqdemo\debug\easyqqdemo.ilk
d:\po\project\easyqqdemo\debug\easyqqdemo.exe
d:\po\project\easyqqdemo\debug\easyqqdemo.pdb
d:\po\project\easyqqdemo\easyqqdemo\debug\easyqqdemo.res
d:\po\project\easyqqdemo\easyqqdemo\debug\easyqqdemo.tlog\cl.command.1.tlog
d:\po\project\easyqqdemo\easyqqdemo\debug\easyqqdemo.tlog\cl.read.1.tlog
d:\po\project\easyqqdemo\easyqqdemo\debug\easyqqdemo.tlog\cl.write.1.tlog
d:\po\project\easyqqdemo\easyqqdemo\debug\easyqqdemo.tlog\easyqqdemo.write.1u.tlog
d:\po\project\easyqqdemo\easyqqdemo\debug\easyqqdemo.tlog\link.command.1.tlog
d:\po\project\easyqqdemo\easyqqdemo\debug\easyqqdemo.tlog\link.read.1.tlog
d:\po\project\easyqqdemo\easyqqdemo\debug\easyqqdemo.tlog\link.write.1.tlog
d:\po\project\easyqqdemo\easyqqdemo\debug\easyqqdemo.tlog\rc.command.1.tlog
d:\po\project\easyqqdemo\easyqqdemo\debug\easyqqdemo.tlog\rc.read.1.tlog
d:\po\project\easyqqdemo\easyqqdemo\debug\easyqqdemo.tlog\rc.write.1.tlog
