E:\PROJECT\CEF_TEST\DUILIB\SRC\DUILIB\DEBUG\DUILIB.PCH
E:\PROJECT\CEF_TEST\DUILIB\SRC\DUILIB\DEBUG\STDAFX.OBJ
E:\PROJECT\CEF_TEST\DUILIB\SRC\DUILIB\DEBUG\VC110.PDB
E:\PROJECT\CEF_TEST\DUILIB\SRC\DUILIB\DEBUG\UITABLAYOUT.OBJ
E:\PROJECT\CEF_TEST\DUILIB\SRC\DUILIB\DEBUG\UILIB.OBJ
E:\PROJECT\CEF_TEST\DUILIB\SRC\DUILIB\DEBUG\XUNZIP.OBJ
E:\project\cef_test\duilib\Lib\Debug\DuiLib.lib
E:\project\cef_test\duilib\Lib\Debug\DuiLib.exp
E:\PROJECT\CEF_TEST\DUILIB\SRC\DEBUG\DUILIB.DLL
E:\PROJECT\CEF_TEST\DUILIB\SRC\DEBUG\DUILIB.PDB
E:\project\cef_test\duilib\Src\DuiLib\Debug\StdAfx.obj
E:\project\cef_test\duilib\Src\DuiLib\Debug\UIlib.obj
E:\project\cef_test\duilib\Src\DuiLib\Debug\XUnzip.obj
E:\project\cef_test\duilib\Src\DuiLib\Debug\cl.command.1.tlog
E:\project\cef_test\duilib\Src\DuiLib\Debug\CL.read.1.tlog
E:\project\cef_test\duilib\Src\DuiLib\Debug\CL.write.1.tlog
E:\project\cef_test\duilib\Src\DuiLib\Debug\DuiLib.write.1.tlog
E:\project\cef_test\duilib\Src\DuiLib\Debug\link.command.1.tlog
E:\project\cef_test\duilib\Src\DuiLib\Debug\link.read.1.tlog
E:\project\cef_test\duilib\Src\DuiLib\Debug\link.write.1.tlog
E:\project\cef_test\duilib\Src\DuiLib\Debug\DuiLib.pch
E:\project\cef_test\duilib\Src\DuiLib\Debug\vc110.idb
E:\project\cef_test\duilib\Src\DuiLib\Debug\vc110.pdb
E:\project\cef_test\duilib\Src\Debug\DuiLib.pdb
E:\project\cef_test\duilib\Src\Debug\DuiLib.dll
