  CefDuilibCilent.cpp
  正在生成代码
  1 of 1446 functions ( 0.1%) were compiled, the rest were copied from previous compilation.
    0 functions were new in current compilation
    0 functions had inline decision re-evaluated but remain unchanged
  已完成代码的生成
  TBsellerclient.vcxproj -> D:\po\project\TBsellerclient\Release\TBsellerclient.exe
  TBsellerclient.vcxproj -> D:\po\project\TBsellerclient\Release\TBsellerclient.pdb (Full PDB)
  D:\libs\cef\lib\Debug\chrome_elf.dll -> D:\po\project\TBsellerclient\Release\chrome_elf.dll
  D:\libs\cef\lib\Debug\d3dcompiler_43.dll -> D:\po\project\TBsellerclient\Release\d3dcompiler_43.dll
  D:\libs\cef\lib\Debug\d3dcompiler_47.dll -> D:\po\project\TBsellerclient\Release\d3dcompiler_47.dll
  D:\libs\cef\lib\Debug\libcef.dll -> D:\po\project\TBsellerclient\Release\libcef.dll
  D:\libs\cef\lib\Debug\libEGL.dll -> D:\po\project\TBsellerclient\Release\libEGL.dll
  D:\libs\cef\lib\Debug\libGLESv2.dll -> D:\po\project\TBsellerclient\Release\libGLESv2.dll
  D:\libs\cef\lib\Debug\widevinecdmadapter.dll -> D:\po\project\TBsellerclient\Release\widevinecdmadapter.dll
  复制了 7 个文件
  D:\libs\cef\lib\Debug\natives_blob.bin -> D:\po\project\TBsellerclient\Release\natives_blob.bin
  D:\libs\cef\lib\Debug\snapshot_blob.bin -> D:\po\project\TBsellerclient\Release\snapshot_blob.bin
  复制了 2 个文件
  D:\libs\cef\Resources\cef.pak -> D:\po\project\TBsellerclient\Release\cef.pak
  D:\libs\cef\Resources\cef_100_percent.pak -> D:\po\project\TBsellerclient\Release\cef_100_percent.pak
  D:\libs\cef\Resources\cef_200_percent.pak -> D:\po\project\TBsellerclient\Release\cef_200_percent.pak
  D:\libs\cef\Resources\cef_extensions.pak -> D:\po\project\TBsellerclient\Release\cef_extensions.pak
  D:\libs\cef\Resources\devtools_resources.pak -> D:\po\project\TBsellerclient\Release\devtools_resources.pak
  D:\libs\cef\Resources\icudtl.dat -> D:\po\project\TBsellerclient\Release\icudtl.dat
  D:\libs\cef\Resources\locales\am.pak -> D:\po\project\TBsellerclient\Release\locales\am.pak
  D:\libs\cef\Resources\locales\ar.pak -> D:\po\project\TBsellerclient\Release\locales\ar.pak
  D:\libs\cef\Resources\locales\bg.pak -> D:\po\project\TBsellerclient\Release\locales\bg.pak
  D:\libs\cef\Resources\locales\bn.pak -> D:\po\project\TBsellerclient\Release\locales\bn.pak
  D:\libs\cef\Resources\locales\ca.pak -> D:\po\project\TBsellerclient\Release\locales\ca.pak
  D:\libs\cef\Resources\locales\cs.pak -> D:\po\project\TBsellerclient\Release\locales\cs.pak
  D:\libs\cef\Resources\locales\da.pak -> D:\po\project\TBsellerclient\Release\locales\da.pak
  D:\libs\cef\Resources\locales\de.pak -> D:\po\project\TBsellerclient\Release\locales\de.pak
  D:\libs\cef\Resources\locales\el.pak -> D:\po\project\TBsellerclient\Release\locales\el.pak
  D:\libs\cef\Resources\locales\en-GB.pak -> D:\po\project\TBsellerclient\Release\locales\en-GB.pak
  D:\libs\cef\Resources\locales\en-US.pak -> D:\po\project\TBsellerclient\Release\locales\en-US.pak
  D:\libs\cef\Resources\locales\es-419.pak -> D:\po\project\TBsellerclient\Release\locales\es-419.pak
  D:\libs\cef\Resources\locales\es.pak -> D:\po\project\TBsellerclient\Release\locales\es.pak
  D:\libs\cef\Resources\locales\et.pak -> D:\po\project\TBsellerclient\Release\locales\et.pak
  D:\libs\cef\Resources\locales\fa.pak -> D:\po\project\TBsellerclient\Release\locales\fa.pak
  D:\libs\cef\Resources\locales\fi.pak -> D:\po\project\TBsellerclient\Release\locales\fi.pak
  D:\libs\cef\Resources\locales\fil.pak -> D:\po\project\TBsellerclient\Release\locales\fil.pak
  D:\libs\cef\Resources\locales\fr.pak -> D:\po\project\TBsellerclient\Release\locales\fr.pak
  D:\libs\cef\Resources\locales\gu.pak -> D:\po\project\TBsellerclient\Release\locales\gu.pak
  D:\libs\cef\Resources\locales\he.pak -> D:\po\project\TBsellerclient\Release\locales\he.pak
  D:\libs\cef\Resources\locales\hi.pak -> D:\po\project\TBsellerclient\Release\locales\hi.pak
  D:\libs\cef\Resources\locales\hr.pak -> D:\po\project\TBsellerclient\Release\locales\hr.pak
  D:\libs\cef\Resources\locales\hu.pak -> D:\po\project\TBsellerclient\Release\locales\hu.pak
  D:\libs\cef\Resources\locales\id.pak -> D:\po\project\TBsellerclient\Release\locales\id.pak
  D:\libs\cef\Resources\locales\it.pak -> D:\po\project\TBsellerclient\Release\locales\it.pak
  D:\libs\cef\Resources\locales\ja.pak -> D:\po\project\TBsellerclient\Release\locales\ja.pak
  D:\libs\cef\Resources\locales\kn.pak -> D:\po\project\TBsellerclient\Release\locales\kn.pak
  D:\libs\cef\Resources\locales\ko.pak -> D:\po\project\TBsellerclient\Release\locales\ko.pak
  D:\libs\cef\Resources\locales\lt.pak -> D:\po\project\TBsellerclient\Release\locales\lt.pak
  D:\libs\cef\Resources\locales\lv.pak -> D:\po\project\TBsellerclient\Release\locales\lv.pak
  D:\libs\cef\Resources\locales\ml.pak -> D:\po\project\TBsellerclient\Release\locales\ml.pak
  D:\libs\cef\Resources\locales\mr.pak -> D:\po\project\TBsellerclient\Release\locales\mr.pak
  D:\libs\cef\Resources\locales\ms.pak -> D:\po\project\TBsellerclient\Release\locales\ms.pak
  D:\libs\cef\Resources\locales\nb.pak -> D:\po\project\TBsellerclient\Release\locales\nb.pak
  D:\libs\cef\Resources\locales\nl.pak -> D:\po\project\TBsellerclient\Release\locales\nl.pak
  D:\libs\cef\Resources\locales\pl.pak -> D:\po\project\TBsellerclient\Release\locales\pl.pak
  D:\libs\cef\Resources\locales\pt-BR.pak -> D:\po\project\TBsellerclient\Release\locales\pt-BR.pak
  D:\libs\cef\Resources\locales\pt-PT.pak -> D:\po\project\TBsellerclient\Release\locales\pt-PT.pak
  D:\libs\cef\Resources\locales\ro.pak -> D:\po\project\TBsellerclient\Release\locales\ro.pak
  D:\libs\cef\Resources\locales\ru.pak -> D:\po\project\TBsellerclient\Release\locales\ru.pak
  D:\libs\cef\Resources\locales\sk.pak -> D:\po\project\TBsellerclient\Release\locales\sk.pak
  D:\libs\cef\Resources\locales\sl.pak -> D:\po\project\TBsellerclient\Release\locales\sl.pak
  D:\libs\cef\Resources\locales\sr.pak -> D:\po\project\TBsellerclient\Release\locales\sr.pak
  D:\libs\cef\Resources\locales\sv.pak -> D:\po\project\TBsellerclient\Release\locales\sv.pak
  D:\libs\cef\Resources\locales\sw.pak -> D:\po\project\TBsellerclient\Release\locales\sw.pak
  D:\libs\cef\Resources\locales\ta.pak -> D:\po\project\TBsellerclient\Release\locales\ta.pak
  D:\libs\cef\Resources\locales\te.pak -> D:\po\project\TBsellerclient\Release\locales\te.pak
  D:\libs\cef\Resources\locales\th.pak -> D:\po\project\TBsellerclient\Release\locales\th.pak
  D:\libs\cef\Resources\locales\tr.pak -> D:\po\project\TBsellerclient\Release\locales\tr.pak
  D:\libs\cef\Resources\locales\uk.pak -> D:\po\project\TBsellerclient\Release\locales\uk.pak
  D:\libs\cef\Resources\locales\vi.pak -> D:\po\project\TBsellerclient\Release\locales\vi.pak
  D:\libs\cef\Resources\locales\zh-CN.pak -> D:\po\project\TBsellerclient\Release\locales\zh-CN.pak
  D:\libs\cef\Resources\locales\zh-TW.pak -> D:\po\project\TBsellerclient\Release\locales\zh-TW.pak
  复制了 59 个文件
  已复制         1 个文件。
